<?xml version="1.0" encoding="UTF-8"?>
<!-- Generated by org.testng.reporters.JUnitReportReporter -->
<testsuite hostname="DESKTOP-SHS08M3" name="Hello.Test1" tests="1" failures="0" timestamp="10 Oct 2018 17:44:13 GMT" time="11.776" errors="0">
  <testcase name="tesiong" time="11.776" classname="Hello.Test1"/>
</testsuite> <!-- Hello.Test1 -->
